<?xml version="1.0" encoding="UTF-8"?>
<!-- Generated by org.testng.reporters.JUnitReportReporter -->
<testsuite hostname="DESKTOP-MK37CUR" failures="0" tests="1" name="com.testng.BasicTestNgClass" time="2.479" errors="0" timestamp="2023-11-18T12:18:56 IST" skipped="0">
  <testcase classname="com.testng.BasicTestNgClass" name="bookHotel" time="2.479"/>
</testsuite> <!-- com.testng.BasicTestNgClass -->
