<?xml version="1.0" encoding="UTF-8"?>
<!-- Generated by org.testng.reporters.JUnitReportReporter -->
<testsuite hostname="DESKTOP-MK37CUR" failures="0" tests="1" name="com.testng.Sample" time="5.982" errors="0" timestamp="2023-11-18T11:54:57 IST" skipped="0">
  <testcase classname="com.testng.Sample" name="urlLaunch" time="5.982"/>
</testsuite> <!-- com.testng.Sample -->
