<?xml version="1.0" encoding="UTF-8"?>
<!-- Generated by org.testng.reporters.JUnitReportReporter -->
<testsuite hostname="DESKTOP-MK37CUR" failures="0" tests="7" name="com.testng.BasicTestNg" time="28.830" errors="0" timestamp="2023-11-24T15:36:06 IST" skipped="0">
  <testcase classname="com.testng.BasicTestNg" name="setProperty" time="3.228"/>
  <testcase classname="com.testng.BasicTestNg" name="getUrl" time="8.896"/>
  <testcase classname="com.testng.BasicTestNg" name="loginPage" time="1.565"/>
  <testcase classname="com.testng.BasicTestNg" name="bookHotel" time="3.282"/>
  <testcase classname="com.testng.BasicTestNg" name="selectHotel" time="1.413"/>
  <testcase classname="com.testng.BasicTestNg" name="cardDetail" time="2.861"/>
  <testcase classname="com.testng.BasicTestNg" name="logOut" time="7.585"/>
</testsuite> <!-- com.testng.BasicTestNg -->
